<?xml version="1.0" encoding="UTF-8"?>
<!-- Generated by org.testng.reporters.JUnitXMLReporter -->
<testsuite hostname="Saroja" ignored="0" name="Command line test" tests="5" failures="0" timestamp="2020-09-20T00:19:08 PDT" time="5.527" errors="0">
  <testcase name="test_getAllVideoGames" time="3.242" classname="com.qa.restapi.TC1_VideoGameAPITest"/>
  <testcase name="test_addVideoGame" time="0.829" classname="com.qa.restapi.TC1_VideoGameAPITest"/>
  <testcase name="test_getVideoGame" time="1.255" classname="com.qa.restapi.TC1_VideoGameAPITest"/>
  <testcase name="test_putVideoGame" time="0.1" classname="com.qa.restapi.TC1_VideoGameAPITest"/>
  <testcase name="test_deleteVideoGame" time="0.036" classname="com.qa.restapi.TC1_VideoGameAPITest"/>
</testsuite> <!-- Command line test -->
