<?xml version="1.0" encoding="UTF-8"?>
<!-- Generated by org.testng.reporters.JUnitXMLReporter -->
<testsuite hostname="Saroja" ignored="0" tests="5" failures="0" timestamp="2020-09-20T00:02:55 PDT" time="5.027" errors="0">
  <testcase name="test_getAllVideoGames" time="3.3" classname="TC1_VideoGameAPITest"/>
  <testcase name="test_addVideoGame" time="0.535" classname="TC1_VideoGameAPITest"/>
  <testcase name="test_getVideoGame" time="0.932" classname="TC1_VideoGameAPITest"/>
  <testcase name="test_putVideoGame" time="0.15" classname="TC1_VideoGameAPITest"/>
  <testcase name="test_deleteVideoGame" time="0.031" classname="TC1_VideoGameAPITest"/>
</testsuite>
